Exception at PC 0x00007FFEEFC81A52
Attemped to write at address 0x00007FFF2B7CABA4
Printing stacktrace...

[0]  [0x00007FFEEFC81A52]
[1]  [0x00007FFEEFC81A52]
[2]  [0x00007FFEEFC81AD4]
[3]  [0x00007FFEEFDC3FF7]
[4]  [0x00007FFEEFCA9128]
[5]  [0x00007FFEEFF5DFB9]
[6]  [0x00007FFEF012EF23]
[7]  [0x00007FFEF003B06B]
[8]  [0x00007FFEF00308AF]
[9]  [0x00007FFEF0030A32]
[10] (RtlDeactivateActivationContextUnsafeFast+0x1bf) [0x00007FFF547AA35F]
[11] (LdrShutdownProcess+0x14b) [0x00007FFF5478806B]
[12] (RtlExitUserProcess+0xb4) [0x00007FFF54787D94]
[13] (ExitProcess+0xa) [0x00007FFF5202CE6A]
[14] (exit+0x85) [0x00007FFF520FA4A5]
[15] (initterm_e+0x231) [0x00007FFF520FAB01]
[16]  [0x00000000004014CD]
[17]  [0x000000000040151B]
[18] (BaseThreadInitThunk+0x14) [0x00007FFF52018364]
[19] (RtlUserThreadStart+0x21) [0x00007FFF547E70D1]
Done
